 INFO [main] 2023-12-21 18:15:45,410 AbstractCassandraDaemon.java (line 105) Logging initialized
 INFO [main] 2023-12-21 18:15:45,410 AbstractCassandraDaemon.java (line 126) JVM vendor/version: Java HotSpot(TM) 64-Bit Server VM/1.8.0_391
 INFO [main] 2023-12-21 18:15:45,410 AbstractCassandraDaemon.java (line 127) Heap size: 1037959168/1037959168
 INFO [main] 2023-12-21 18:15:45,410 AbstractCassandraDaemon.java (line 128) Classpath: C:\Users\Mayur\Downloads\apache-cassandra-1.0.8-bin\apache-cassandra-1.0.8\conf;C:\Users\Mayur\Downloads\apache-cassandra-1.0.8-bin\apache-cassandra-1.0.8\lib\antlr-3.2.jar;C:\Users\Mayur\Downloads\apache-cassandra-1.0.8-bin\apache-cassandra-1.0.8\lib\apache-cassandra-1.0.8.jar;C:\Users\Mayur\Downloads\apache-cassandra-1.0.8-bin\apache-cassandra-1.0.8\lib\apache-cassandra-clientutil-1.0.8.jar;C:\Users\Mayur\Downloads\apache-cassandra-1.0.8-bin\apache-cassandra-1.0.8\lib\apache-cassandra-thrift-1.0.8.jar;C:\Users\Mayur\Downloads\apache-cassandra-1.0.8-bin\apache-cassandra-1.0.8\lib\avro-1.4.0-fixes.jar;C:\Users\Mayur\Downloads\apache-cassandra-1.0.8-bin\apache-cassandra-1.0.8\lib\avro-1.4.0-sources-fixes.jar;C:\Users\Mayur\Downloads\apache-cassandra-1.0.8-bin\apache-cassandra-1.0.8\lib\commons-cli-1.1.jar;C:\Users\Mayur\Downloads\apache-cassandra-1.0.8-bin\apache-cassandra-1.0.8\lib\commons-codec-1.2.jar;C:\Users\Mayur\Downloads\apache-cassandra-1.0.8-bin\apache-cassandra-1.0.8\lib\commons-lang-2.4.jar;C:\Users\Mayur\Downloads\apache-cassandra-1.0.8-bin\apache-cassandra-1.0.8\lib\compress-lzf-0.8.4.jar;C:\Users\Mayur\Downloads\apache-cassandra-1.0.8-bin\apache-cassandra-1.0.8\lib\concurrentlinkedhashmap-lru-1.2.jar;C:\Users\Mayur\Downloads\apache-cassandra-1.0.8-bin\apache-cassandra-1.0.8\lib\guava-r08.jar;C:\Users\Mayur\Downloads\apache-cassandra-1.0.8-bin\apache-cassandra-1.0.8\lib\high-scale-lib-1.1.2.jar;C:\Users\Mayur\Downloads\apache-cassandra-1.0.8-bin\apache-cassandra-1.0.8\lib\jackson-core-asl-1.4.0.jar;C:\Users\Mayur\Downloads\apache-cassandra-1.0.8-bin\apache-cassandra-1.0.8\lib\jackson-mapper-asl-1.4.0.jar;C:\Users\Mayur\Downloads\apache-cassandra-1.0.8-bin\apache-cassandra-1.0.8\lib\jamm-0.2.5.jar;C:\Users\Mayur\Downloads\apache-cassandra-1.0.8-bin\apache-cassandra-1.0.8\lib\jline-0.9.94.jar;C:\Users\Mayur\Downloads\apache-cassandra-1.0.8-bin\apache-cassandra-1.0.8\lib\json-simple-1.1.jar;C:\Users\Mayur\Downloads\apache-cassandra-1.0.8-bin\apache-cassandra-1.0.8\lib\libthrift-0.6.jar;C:\Users\Mayur\Downloads\apache-cassandra-1.0.8-bin\apache-cassandra-1.0.8\lib\log4j-1.2.16.jar;C:\Users\Mayur\Downloads\apache-cassandra-1.0.8-bin\apache-cassandra-1.0.8\lib\servlet-api-2.5-20081211.jar;C:\Users\Mayur\Downloads\apache-cassandra-1.0.8-bin\apache-cassandra-1.0.8\lib\slf4j-api-1.6.1.jar;C:\Users\Mayur\Downloads\apache-cassandra-1.0.8-bin\apache-cassandra-1.0.8\lib\slf4j-log4j12-1.6.1.jar;C:\Users\Mayur\Downloads\apache-cassandra-1.0.8-bin\apache-cassandra-1.0.8\lib\snakeyaml-1.6.jar;C:\Users\Mayur\Downloads\apache-cassandra-1.0.8-bin\apache-cassandra-1.0.8\lib\snappy-java-1.0.4.1.jar;C:\Users\Mayur\Downloads\apache-cassandra-1.0.8-bin\apache-cassandra-1.0.8\build\classes\main;C:\Users\Mayur\Downloads\apache-cassandra-1.0.8-bin\apache-cassandra-1.0.8\build\classes\thrift;C:\Users\Mayur\Downloads\apache-cassandra-1.0.8-bin\apache-cassandra-1.0.8\lib\jamm-0.2.5.jar
 INFO [main] 2023-12-21 18:15:45,410 CLibrary.java (line 65) JNA not found. Native methods will be disabled.
 INFO [main] 2023-12-21 18:15:45,423 DatabaseDescriptor.java (line 116) Loading settings from file:/C:/Users/Mayur/Downloads/apache-cassandra-1.0.8-bin/apache-cassandra-1.0.8/conf/cassandra.yaml
 INFO [main] 2023-12-21 18:15:45,473 DatabaseDescriptor.java (line 170) DiskAccessMode 'auto' determined to be mmap, indexAccessMode is mmap
 INFO [main] 2023-12-21 18:15:45,473 DatabaseDescriptor.java (line 235) Global memtable threshold is enabled at 329MB
 INFO [main] 2023-12-21 18:15:45,599 CommitLogSegment.java (line 60) Creating new commitlog segment /var/lib/cassandra/commitlog\CommitLog-1703162745599.log
 INFO [main] 2023-12-21 18:15:45,599 DatabaseDescriptor.java (line 469) Couldn't detect any schema definitions in local storage.
 INFO [main] 2023-12-21 18:15:45,599 DatabaseDescriptor.java (line 495) Found table data in data directories. Consider using the CLI to define your schema.
 INFO [main] 2023-12-21 18:15:45,599 CommitLog.java (line 167) No commitlog files found; skipping replay
 INFO [main] 2023-12-21 18:15:45,614 StorageService.java (line 400) Cassandra version: 1.0.8
 INFO [main] 2023-12-21 18:15:45,614 StorageService.java (line 401) Thrift API version: 19.20.0
 INFO [main] 2023-12-21 18:15:45,614 StorageService.java (line 414) Loading persisted ring state
 INFO [main] 2023-12-21 18:15:45,614 StorageService.java (line 494) Starting up server gossip
 INFO [main] 2023-12-21 18:15:45,623 ColumnFamilyStore.java (line 704) Enqueuing flush of Memtable-LocationInfo@1259769769(126/157 serialized/live bytes, 3 ops)
 INFO [FlushWriter:1] 2023-12-21 18:15:45,623 Memtable.java (line 246) Writing Memtable-LocationInfo@1259769769(126/157 serialized/live bytes, 3 ops)
 INFO [FlushWriter:1] 2023-12-21 18:15:45,646 Memtable.java (line 283) Completed flushing \var\lib\cassandra\data\system\LocationInfo-hc-1-Data.db (234 bytes)
 INFO [main] 2023-12-21 18:15:45,661 MessagingService.java (line 269) Starting Messaging Service on port 7000
 INFO [main] 2023-12-21 18:15:45,661 StorageService.java (line 518) This node will not auto bootstrap because it is configured to be a seed node.
 WARN [main] 2023-12-21 18:15:45,661 StorageService.java (line 599) Generated random token 142924040257277448017127440735049643701. Random tokens will result in an unbalanced ring; see http://wiki.apache.org/cassandra/Operations
 INFO [main] 2023-12-21 18:15:45,661 ColumnFamilyStore.java (line 704) Enqueuing flush of Memtable-LocationInfo@667447085(53/66 serialized/live bytes, 2 ops)
 INFO [FlushWriter:1] 2023-12-21 18:15:45,661 Memtable.java (line 246) Writing Memtable-LocationInfo@667447085(53/66 serialized/live bytes, 2 ops)
 INFO [FlushWriter:1] 2023-12-21 18:15:45,677 Memtable.java (line 283) Completed flushing \var\lib\cassandra\data\system\LocationInfo-hc-2-Data.db (163 bytes)
 INFO [main] 2023-12-21 18:15:45,677 StorageService.java (line 989) Node localhost/127.0.0.1 state jump to normal
 INFO [main] 2023-12-21 18:15:45,677 StorageService.java (line 619) Bootstrap/Replace/Move completed! Now serving reads.
 INFO [main] 2023-12-21 18:15:45,677 Mx4jTool.java (line 72) Will not load MX4J, mx4j-tools.jar is not in the classpath
 INFO [main] 2023-12-21 18:15:45,693 CassandraDaemon.java (line 125) Binding thrift service to localhost/127.0.0.1:9160
 INFO [main] 2023-12-21 18:15:45,693 CassandraDaemon.java (line 134) Using TFastFramedTransport with a max frame size of 15728640 bytes.
 INFO [main] 2023-12-21 18:15:45,693 CassandraDaemon.java (line 161) Using synchronous/threadpool thrift server on localhost/127.0.0.1 : 9160
 INFO [Thread-2] 2023-12-21 18:15:45,708 CassandraDaemon.java (line 213) Listening for thrift clients...
 INFO [StorageServiceShutdownHook] 2023-12-21 18:46:55,379 CassandraDaemon.java (line 219) Stop listening to thrift clients
 INFO [StorageServiceShutdownHook] 2023-12-21 18:46:55,379 MessagingService.java (line 483) Waiting for messaging service to quiesce
 INFO [ACCEPT-localhost/127.0.0.1] 2023-12-21 18:46:55,380 MessagingService.java (line 639) MessagingService shutting down server thread.
 INFO [main] 2023-12-21 18:46:59,606 AbstractCassandraDaemon.java (line 105) Logging initialized
 INFO [main] 2023-12-21 18:46:59,608 AbstractCassandraDaemon.java (line 126) JVM vendor/version: Java HotSpot(TM) 64-Bit Server VM/1.8.0_391
 INFO [main] 2023-12-21 18:46:59,609 AbstractCassandraDaemon.java (line 127) Heap size: 1037959168/1037959168
 INFO [main] 2023-12-21 18:46:59,609 AbstractCassandraDaemon.java (line 128) Classpath: C:\Users\Mayur\Downloads\apache-cassandra-1.0.8-bin\apache-cassandra-1.0.8\conf;C:\Users\Mayur\Downloads\apache-cassandra-1.0.8-bin\apache-cassandra-1.0.8\lib\antlr-3.2.jar;C:\Users\Mayur\Downloads\apache-cassandra-1.0.8-bin\apache-cassandra-1.0.8\lib\apache-cassandra-1.0.8.jar;C:\Users\Mayur\Downloads\apache-cassandra-1.0.8-bin\apache-cassandra-1.0.8\lib\apache-cassandra-clientutil-1.0.8.jar;C:\Users\Mayur\Downloads\apache-cassandra-1.0.8-bin\apache-cassandra-1.0.8\lib\apache-cassandra-thrift-1.0.8.jar;C:\Users\Mayur\Downloads\apache-cassandra-1.0.8-bin\apache-cassandra-1.0.8\lib\avro-1.4.0-fixes.jar;C:\Users\Mayur\Downloads\apache-cassandra-1.0.8-bin\apache-cassandra-1.0.8\lib\avro-1.4.0-sources-fixes.jar;C:\Users\Mayur\Downloads\apache-cassandra-1.0.8-bin\apache-cassandra-1.0.8\lib\commons-cli-1.1.jar;C:\Users\Mayur\Downloads\apache-cassandra-1.0.8-bin\apache-cassandra-1.0.8\lib\commons-codec-1.2.jar;C:\Users\Mayur\Downloads\apache-cassandra-1.0.8-bin\apache-cassandra-1.0.8\lib\commons-lang-2.4.jar;C:\Users\Mayur\Downloads\apache-cassandra-1.0.8-bin\apache-cassandra-1.0.8\lib\compress-lzf-0.8.4.jar;C:\Users\Mayur\Downloads\apache-cassandra-1.0.8-bin\apache-cassandra-1.0.8\lib\concurrentlinkedhashmap-lru-1.2.jar;C:\Users\Mayur\Downloads\apache-cassandra-1.0.8-bin\apache-cassandra-1.0.8\lib\guava-r08.jar;C:\Users\Mayur\Downloads\apache-cassandra-1.0.8-bin\apache-cassandra-1.0.8\lib\high-scale-lib-1.1.2.jar;C:\Users\Mayur\Downloads\apache-cassandra-1.0.8-bin\apache-cassandra-1.0.8\lib\jackson-core-asl-1.4.0.jar;C:\Users\Mayur\Downloads\apache-cassandra-1.0.8-bin\apache-cassandra-1.0.8\lib\jackson-mapper-asl-1.4.0.jar;C:\Users\Mayur\Downloads\apache-cassandra-1.0.8-bin\apache-cassandra-1.0.8\lib\jamm-0.2.5.jar;C:\Users\Mayur\Downloads\apache-cassandra-1.0.8-bin\apache-cassandra-1.0.8\lib\jline-0.9.94.jar;C:\Users\Mayur\Downloads\apache-cassandra-1.0.8-bin\apache-cassandra-1.0.8\lib\json-simple-1.1.jar;C:\Users\Mayur\Downloads\apache-cassandra-1.0.8-bin\apache-cassandra-1.0.8\lib\libthrift-0.6.jar;C:\Users\Mayur\Downloads\apache-cassandra-1.0.8-bin\apache-cassandra-1.0.8\lib\log4j-1.2.16.jar;C:\Users\Mayur\Downloads\apache-cassandra-1.0.8-bin\apache-cassandra-1.0.8\lib\servlet-api-2.5-20081211.jar;C:\Users\Mayur\Downloads\apache-cassandra-1.0.8-bin\apache-cassandra-1.0.8\lib\slf4j-api-1.6.1.jar;C:\Users\Mayur\Downloads\apache-cassandra-1.0.8-bin\apache-cassandra-1.0.8\lib\slf4j-log4j12-1.6.1.jar;C:\Users\Mayur\Downloads\apache-cassandra-1.0.8-bin\apache-cassandra-1.0.8\lib\snakeyaml-1.6.jar;C:\Users\Mayur\Downloads\apache-cassandra-1.0.8-bin\apache-cassandra-1.0.8\lib\snappy-java-1.0.4.1.jar;C:\Users\Mayur\Downloads\apache-cassandra-1.0.8-bin\apache-cassandra-1.0.8\build\classes\main;C:\Users\Mayur\Downloads\apache-cassandra-1.0.8-bin\apache-cassandra-1.0.8\build\classes\thrift;C:\Users\Mayur\Downloads\apache-cassandra-1.0.8-bin\apache-cassandra-1.0.8\lib\jamm-0.2.5.jar
 INFO [main] 2023-12-21 18:46:59,610 CLibrary.java (line 65) JNA not found. Native methods will be disabled.
 INFO [main] 2023-12-21 18:46:59,614 DatabaseDescriptor.java (line 116) Loading settings from file:/C:/Users/Mayur/Downloads/apache-cassandra-1.0.8-bin/apache-cassandra-1.0.8/conf/cassandra.yaml
 INFO [main] 2023-12-21 18:46:59,665 DatabaseDescriptor.java (line 170) DiskAccessMode 'auto' determined to be mmap, indexAccessMode is mmap
 INFO [main] 2023-12-21 18:46:59,671 DatabaseDescriptor.java (line 235) Global memtable threshold is enabled at 329MB
 INFO [SSTableBatchOpen:1] 2023-12-21 18:46:59,784 SSTableReader.java (line 153) Opening \var\lib\cassandra\data\system\LocationInfo-hc-2 (163 bytes)
 INFO [SSTableBatchOpen:2] 2023-12-21 18:46:59,784 SSTableReader.java (line 153) Opening \var\lib\cassandra\data\system\LocationInfo-hc-1 (234 bytes)
 INFO [main] 2023-12-21 18:46:59,806 DatabaseDescriptor.java (line 469) Couldn't detect any schema definitions in local storage.
 INFO [main] 2023-12-21 18:46:59,807 DatabaseDescriptor.java (line 495) Found table data in data directories. Consider using the CLI to define your schema.
 INFO [main] 2023-12-21 18:46:59,816 CommitLogSegment.java (line 60) Creating new commitlog segment /var/lib/cassandra/commitlog\CommitLog-1703164619816.log
 INFO [main] 2023-12-21 18:46:59,820 CommitLog.java (line 172) Replaying \var\lib\cassandra\commitlog\CommitLog-1703162745599.log
 INFO [main] 2023-12-21 18:46:59,834 CommitLog.java (line 355) Finished reading \var\lib\cassandra\commitlog\CommitLog-1703162745599.log
 INFO [main] 2023-12-21 18:46:59,838 ColumnFamilyStore.java (line 704) Enqueuing flush of Memtable-Versions@831236296(83/103 serialized/live bytes, 3 ops)
 INFO [FlushWriter:1] 2023-12-21 18:46:59,839 Memtable.java (line 246) Writing Memtable-Versions@831236296(83/103 serialized/live bytes, 3 ops)
 INFO [FlushWriter:1] 2023-12-21 18:46:59,856 Memtable.java (line 283) Completed flushing \var\lib\cassandra\data\system\Versions-hc-1-Data.db (247 bytes)
 INFO [main] 2023-12-21 18:46:59,861 CommitLog.java (line 179) Log replay complete, 3 replayed mutations
 INFO [main] 2023-12-21 18:46:59,864 StorageService.java (line 400) Cassandra version: 1.0.8
 INFO [main] 2023-12-21 18:46:59,864 StorageService.java (line 401) Thrift API version: 19.20.0
 INFO [main] 2023-12-21 18:46:59,864 StorageService.java (line 414) Loading persisted ring state
 INFO [main] 2023-12-21 18:46:59,866 StorageService.java (line 494) Starting up server gossip
 INFO [main] 2023-12-21 18:46:59,871 ColumnFamilyStore.java (line 704) Enqueuing flush of Memtable-LocationInfo@963110412(29/36 serialized/live bytes, 1 ops)
 INFO [FlushWriter:1] 2023-12-21 18:46:59,872 Memtable.java (line 246) Writing Memtable-LocationInfo@963110412(29/36 serialized/live bytes, 1 ops)
 INFO [FlushWriter:1] 2023-12-21 18:46:59,885 Memtable.java (line 283) Completed flushing \var\lib\cassandra\data\system\LocationInfo-hc-3-Data.db (80 bytes)
 INFO [main] 2023-12-21 18:46:59,890 MessagingService.java (line 269) Starting Messaging Service on port 7000
 INFO [main] 2023-12-21 18:46:59,894 StorageService.java (line 609) Using saved token 142924040257277448017127440735049643701
 INFO [main] 2023-12-21 18:46:59,894 ColumnFamilyStore.java (line 704) Enqueuing flush of Memtable-LocationInfo@1877453512(53/66 serialized/live bytes, 2 ops)
 INFO [FlushWriter:1] 2023-12-21 18:46:59,895 Memtable.java (line 246) Writing Memtable-LocationInfo@1877453512(53/66 serialized/live bytes, 2 ops)
 INFO [FlushWriter:1] 2023-12-21 18:46:59,906 Memtable.java (line 283) Completed flushing \var\lib\cassandra\data\system\LocationInfo-hc-4-Data.db (163 bytes)
 INFO [main] 2023-12-21 18:46:59,907 StorageService.java (line 989) Node localhost/127.0.0.1 state jump to normal
 INFO [main] 2023-12-21 18:46:59,908 StorageService.java (line 619) Bootstrap/Replace/Move completed! Now serving reads.
 INFO [main] 2023-12-21 18:46:59,909 Mx4jTool.java (line 72) Will not load MX4J, mx4j-tools.jar is not in the classpath
 INFO [CompactionExecutor:3] 2023-12-21 18:46:59,910 CompactionTask.java (line 113) Compacting [SSTableReader(path='\var\lib\cassandra\data\system\LocationInfo-hc-4-Data.db'), SSTableReader(path='\var\lib\cassandra\data\system\LocationInfo-hc-3-Data.db'), SSTableReader(path='\var\lib\cassandra\data\system\LocationInfo-hc-2-Data.db'), SSTableReader(path='\var\lib\cassandra\data\system\LocationInfo-hc-1-Data.db')]
 INFO [main] 2023-12-21 18:46:59,923 CassandraDaemon.java (line 125) Binding thrift service to localhost/127.0.0.1:9160
 INFO [main] 2023-12-21 18:46:59,924 CassandraDaemon.java (line 134) Using TFastFramedTransport with a max frame size of 15728640 bytes.
 INFO [main] 2023-12-21 18:46:59,926 CassandraDaemon.java (line 161) Using synchronous/threadpool thrift server on localhost/127.0.0.1 : 9160
 INFO [Thread-2] 2023-12-21 18:46:59,927 CassandraDaemon.java (line 213) Listening for thrift clients...
 INFO [CompactionExecutor:3] 2023-12-21 18:46:59,929 CompactionTask.java (line 221) Compacted to [\var\lib\cassandra\data\system\LocationInfo-hc-5-Data.db,].  640 to 346 (~54% of original) bytes for 3 keys at 0.017367MB/s.  Time: 19ms.
 INFO [StorageServiceShutdownHook] 2023-12-21 18:48:00,899 CassandraDaemon.java (line 219) Stop listening to thrift clients
 INFO [StorageServiceShutdownHook] 2023-12-21 18:48:00,899 MessagingService.java (line 483) Waiting for messaging service to quiesce
 INFO [ACCEPT-localhost/127.0.0.1] 2023-12-21 18:48:00,900 MessagingService.java (line 639) MessagingService shutting down server thread.
